<?xml version="1.0" encoding="UTF-8"?>
<coverage generated="1743569661425" clover="3.2.0">
  <project timestamp="1743569661425" name="All files">
    <metrics statements="37" coveredstatements="36" conditionals="0" coveredconditionals="0" methods="16" coveredmethods="15" elements="53" coveredelements="51" complexity="0" loc="37" ncloc="37" packages="6" files="14" classes="14"/>
    <package name="Navigation">
      <metrics statements="3" coveredstatements="3" conditionals="0" coveredconditionals="0" methods="1" coveredmethods="1"/>
      <file name="Navigation.tsx" path="E:\BZ_Testing\youtube\src\Navigation\Navigation.tsx">
        <metrics statements="3" coveredstatements="3" conditionals="0" coveredconditionals="0" methods="1" coveredmethods="1"/>
        <line num="9" count="1" type="stmt"/>
        <line num="11" count="1" type="stmt"/>
        <line num="12" count="1" type="stmt"/>
      </file>
    </package>
    <package name="assets">
      <metrics statements="1" coveredstatements="1" conditionals="0" coveredconditionals="0" methods="0" coveredmethods="0"/>
      <file name="download.png" path="E:\BZ_Testing\youtube\src\assets\download.png">
        <metrics statements="1" coveredstatements="1" conditionals="0" coveredconditionals="0" methods="0" coveredmethods="0"/>
        <line num="1" count="1" type="stmt"/>
      </file>
    </package>
    <package name="assets.images">
      <metrics statements="5" coveredstatements="5" conditionals="0" coveredconditionals="0" methods="0" coveredmethods="0"/>
      <file name="26724683-30cc-4c5f-b757-b18500bc5041_1024.jpeg" path="E:\BZ_Testing\youtube\src\assets\images\26724683-30cc-4c5f-b757-b18500bc5041_1024.jpeg">
        <metrics statements="1" coveredstatements="1" conditionals="0" coveredconditionals="0" methods="0" coveredmethods="0"/>
        <line num="1" count="1" type="stmt"/>
      </file>
      <file name="astropurple.jpg" path="E:\BZ_Testing\youtube\src\assets\images\astropurple.jpg">
        <metrics statements="1" coveredstatements="1" conditionals="0" coveredconditionals="0" methods="0" coveredmethods="0"/>
        <line num="1" count="1" type="stmt"/>
      </file>
      <file name="beyond space.jpg" path="E:\BZ_Testing\youtube\src\assets\images\beyond space.jpg">
        <metrics statements="1" coveredstatements="1" conditionals="0" coveredconditionals="0" methods="0" coveredmethods="0"/>
        <line num="1" count="1" type="stmt"/>
      </file>
      <file name="galaxy.jpg" path="E:\BZ_Testing\youtube\src\assets\images\galaxy.jpg">
        <metrics statements="1" coveredstatements="1" conditionals="0" coveredconditionals="0" methods="0" coveredmethods="0"/>
        <line num="1" count="1" type="stmt"/>
      </file>
      <file name="pexels-therato-3451755.jpg" path="E:\BZ_Testing\youtube\src\assets\images\pexels-therato-3451755.jpg">
        <metrics statements="1" coveredstatements="1" conditionals="0" coveredconditionals="0" methods="0" coveredmethods="0"/>
        <line num="1" count="1" type="stmt"/>
      </file>
    </package>
    <package name="assets.videos">
      <metrics statements="2" coveredstatements="2" conditionals="0" coveredconditionals="0" methods="0" coveredmethods="0"/>
      <file name="Neil Armstrong's Moon landing video  😍🔥 shorts short viral viralvideo thespacezone.mp4" path="E:\BZ_Testing\youtube\src\assets\videos\Neil Armstrong's Moon landing video  😍🔥 shorts short viral viralvideo thespacezone.mp4">
        <metrics statements="1" coveredstatements="1" conditionals="0" coveredconditionals="0" methods="0" coveredmethods="0"/>
        <line num="1" count="2" type="stmt"/>
      </file>
      <file name="videoplayback.mp4" path="E:\BZ_Testing\youtube\src\assets\videos\videoplayback.mp4">
        <metrics statements="1" coveredstatements="1" conditionals="0" coveredconditionals="0" methods="0" coveredmethods="0"/>
        <line num="1" count="2" type="stmt"/>
      </file>
    </package>
    <package name="components">
      <metrics statements="17" coveredstatements="17" conditionals="0" coveredconditionals="0" methods="10" coveredmethods="10"/>
      <file name="Footer.tsx" path="E:\BZ_Testing\youtube\src\components\Footer.tsx">
        <metrics statements="8" coveredstatements="8" conditionals="0" coveredconditionals="0" methods="6" coveredmethods="6"/>
        <line num="11" count="2" type="stmt"/>
        <line num="12" count="3" type="stmt"/>
        <line num="13" count="3" type="stmt"/>
        <line num="23" count="1" type="stmt"/>
        <line num="31" count="1" type="stmt"/>
        <line num="39" count="1" type="stmt"/>
        <line num="46" count="1" type="stmt"/>
        <line num="54" count="1" type="stmt"/>
      </file>
      <file name="Header.tsx" path="E:\BZ_Testing\youtube\src\components\Header.tsx">
        <metrics statements="3" coveredstatements="3" conditionals="0" coveredconditionals="0" methods="2" coveredmethods="2"/>
        <line num="15" count="15" type="stmt"/>
        <line num="39" count="165" type="stmt"/>
        <line num="51" count="2" type="stmt"/>
      </file>
      <file name="MainBody.tsx" path="E:\BZ_Testing\youtube\src\components\MainBody.tsx">
        <metrics statements="6" coveredstatements="6" conditionals="0" coveredconditionals="0" methods="2" coveredmethods="2"/>
        <line num="4" count="2" type="stmt"/>
        <line num="5" count="16" type="stmt"/>
        <line num="7" count="16" type="stmt"/>
        <line num="35" count="16" type="stmt"/>
        <line num="38" count="80" type="stmt"/>
        <line num="54" count="2" type="stmt"/>
      </file>
    </package>
    <package name="screens">
      <metrics statements="9" coveredstatements="8" conditionals="0" coveredconditionals="0" methods="5" coveredmethods="4"/>
      <file name="Home.tsx" path="E:\BZ_Testing\youtube\src\screens\Home.tsx">
        <metrics statements="1" coveredstatements="1" conditionals="0" coveredconditionals="0" methods="1" coveredmethods="1"/>
        <line num="9" count="1" type="stmt"/>
      </file>
      <file name="Shorts.tsx" path="E:\BZ_Testing\youtube\src\screens\Shorts.tsx">
        <metrics statements="8" coveredstatements="7" conditionals="0" coveredconditionals="0" methods="4" coveredmethods="3"/>
        <line num="5" count="2" type="stmt"/>
        <line num="7" count="2" type="stmt"/>
        <line num="14" count="6" type="stmt"/>
        <line num="16" count="6" type="stmt"/>
        <line num="17" count="18" type="stmt"/>
        <line num="46" count="6" type="stmt"/>
        <line num="50" count="24" type="stmt"/>
        <line num="55" count="0" type="stmt"/>
      </file>
    </package>
  </project>
</coverage>
