{"E:\\BZ_Testing\\youtube\\src\\Navigation\\Navigation.tsx": {"path":"E:\\BZ_Testing\\youtube\\src\\Navigation\\Navigation.tsx","statementMap":{"0":{"start":{"line":9,"column":14},"end":{"line":9,"column":36}},"1":{"start":{"line":11,"column":19},"end":{"line":23,"column":1}},"2":{"start":{"line":12,"column":2},"end":{"line":22,"column":4}}},"fnMap":{"0":{"name":"(anonymous_0)","decl":{"start":{"line":11,"column":19},"end":{"line":11,"column":20}},"loc":{"start":{"line":11,"column":25},"end":{"line":23,"column":1}},"line":11}},"branchMap":{},"s":{"0":1,"1":1,"2":1},"f":{"0":1},"b":{},"_coverageSchema":"1a1c01bbd47fc00a2c39e90264f33305004495a9","hash":"f228a4c40348f3c951e6c36e12395f8314a9a81a"}
,"E:\\BZ_Testing\\youtube\\src\\assets\\download.png": {"path":"E:\\BZ_Testing\\youtube\\src\\assets\\download.png","statementMap":{"0":{"start":{"line":1,"column":0},"end":{"line":4,"column":6}}},"fnMap":{},"branchMap":{},"s":{"0":1},"f":{},"b":{},"_coverageSchema":"1a1c01bbd47fc00a2c39e90264f33305004495a9","hash":"7b2915d56c162bf37d853e8a17e8c5fa68a0431d"}
,"E:\\BZ_Testing\\youtube\\src\\assets\\images\\26724683-30cc-4c5f-b757-b18500bc5041_1024.jpeg": {"path":"E:\\BZ_Testing\\youtube\\src\\assets\\images\\26724683-30cc-4c5f-b757-b18500bc5041_1024.jpeg","statementMap":{"0":{"start":{"line":1,"column":0},"end":{"line":4,"column":6}}},"fnMap":{},"branchMap":{},"s":{"0":1},"f":{},"b":{},"_coverageSchema":"1a1c01bbd47fc00a2c39e90264f33305004495a9","hash":"aebf0bf1b52b81495da4633d8ad7109fc4898c89"}
,"E:\\BZ_Testing\\youtube\\src\\assets\\images\\astropurple.jpg": {"path":"E:\\BZ_Testing\\youtube\\src\\assets\\images\\astropurple.jpg","statementMap":{"0":{"start":{"line":1,"column":0},"end":{"line":4,"column":6}}},"fnMap":{},"branchMap":{},"s":{"0":1},"f":{},"b":{},"_coverageSchema":"1a1c01bbd47fc00a2c39e90264f33305004495a9","hash":"d3943dcfc2f940bdd2443a24d782891100f2e991"}
,"E:\\BZ_Testing\\youtube\\src\\assets\\images\\beyond space.jpg": {"path":"E:\\BZ_Testing\\youtube\\src\\assets\\images\\beyond space.jpg","statementMap":{"0":{"start":{"line":1,"column":0},"end":{"line":4,"column":6}}},"fnMap":{},"branchMap":{},"s":{"0":1},"f":{},"b":{},"_coverageSchema":"1a1c01bbd47fc00a2c39e90264f33305004495a9","hash":"10c276b7270e5383b6d72650d9e6a8bf4e9f5437"}
,"E:\\BZ_Testing\\youtube\\src\\assets\\images\\galaxy.jpg": {"path":"E:\\BZ_Testing\\youtube\\src\\assets\\images\\galaxy.jpg","statementMap":{"0":{"start":{"line":1,"column":0},"end":{"line":4,"column":6}}},"fnMap":{},"branchMap":{},"s":{"0":1},"f":{},"b":{},"_coverageSchema":"1a1c01bbd47fc00a2c39e90264f33305004495a9","hash":"1963461be3775fff9c763c957f8c68bc22f6f6b0"}
,"E:\\BZ_Testing\\youtube\\src\\assets\\images\\pexels-therato-3451755.jpg": {"path":"E:\\BZ_Testing\\youtube\\src\\assets\\images\\pexels-therato-3451755.jpg","statementMap":{"0":{"start":{"line":1,"column":0},"end":{"line":4,"column":6}}},"fnMap":{},"branchMap":{},"s":{"0":1},"f":{},"b":{},"_coverageSchema":"1a1c01bbd47fc00a2c39e90264f33305004495a9","hash":"78b6fec3ae5ed8222a91a004f603b0378134f7d9"}
,"E:\\BZ_Testing\\youtube\\src\\assets\\videos\\Neil Armstrong's Moon landing video  😍🔥 shorts short viral viralvideo thespacezone.mp4": {"path":"E:\\BZ_Testing\\youtube\\src\\assets\\videos\\Neil Armstrong's Moon landing video  😍🔥 shorts short viral viralvideo thespacezone.mp4","statementMap":{"0":{"start":{"line":1,"column":0},"end":{"line":4,"column":6}}},"fnMap":{},"branchMap":{},"s":{"0":2},"f":{},"b":{},"_coverageSchema":"1a1c01bbd47fc00a2c39e90264f33305004495a9","hash":"27aa5bf1a9b466a94048f897320578b653fcd002"}
,"E:\\BZ_Testing\\youtube\\src\\assets\\videos\\videoplayback.mp4": {"path":"E:\\BZ_Testing\\youtube\\src\\assets\\videos\\videoplayback.mp4","statementMap":{"0":{"start":{"line":1,"column":0},"end":{"line":4,"column":6}}},"fnMap":{},"branchMap":{},"s":{"0":2},"f":{},"b":{},"_coverageSchema":"1a1c01bbd47fc00a2c39e90264f33305004495a9","hash":"034ab84dc204f2c4d90b116b6ac2244b1cab9863"}
,"E:\\BZ_Testing\\youtube\\src\\components\\Footer.tsx": {"path":"E:\\BZ_Testing\\youtube\\src\\components\\Footer.tsx","statementMap":{"0":{"start":{"line":11,"column":38},"end":{"line":63,"column":1}},"1":{"start":{"line":12,"column":21},"end":{"line":12,"column":36}},"2":{"start":{"line":13,"column":2},"end":{"line":62,"column":4}},"3":{"start":{"line":23,"column":66},"end":{"line":23,"column":83}},"4":{"start":{"line":31,"column":68},"end":{"line":31,"column":97}},"5":{"start":{"line":39,"column":65},"end":{"line":39,"column":81}},"6":{"start":{"line":46,"column":75},"end":{"line":46,"column":101}},"7":{"start":{"line":54,"column":69},"end":{"line":54,"column":89}}},"fnMap":{"0":{"name":"(anonymous_0)","decl":{"start":{"line":11,"column":38},"end":{"line":11,"column":39}},"loc":{"start":{"line":11,"column":58},"end":{"line":63,"column":1}},"line":11},"1":{"name":"(anonymous_1)","decl":{"start":{"line":23,"column":60},"end":{"line":23,"column":61}},"loc":{"start":{"line":23,"column":66},"end":{"line":23,"column":83}},"line":23},"2":{"name":"(anonymous_2)","decl":{"start":{"line":31,"column":62},"end":{"line":31,"column":63}},"loc":{"start":{"line":31,"column":68},"end":{"line":31,"column":97}},"line":31},"3":{"name":"(anonymous_3)","decl":{"start":{"line":39,"column":59},"end":{"line":39,"column":60}},"loc":{"start":{"line":39,"column":65},"end":{"line":39,"column":81}},"line":39},"4":{"name":"(anonymous_4)","decl":{"start":{"line":46,"column":69},"end":{"line":46,"column":70}},"loc":{"start":{"line":46,"column":75},"end":{"line":46,"column":101}},"line":46},"5":{"name":"(anonymous_5)","decl":{"start":{"line":54,"column":63},"end":{"line":54,"column":64}},"loc":{"start":{"line":54,"column":69},"end":{"line":54,"column":89}},"line":54}},"branchMap":{},"s":{"0":2,"1":3,"2":3,"3":1,"4":1,"5":1,"6":1,"7":1},"f":{"0":3,"1":1,"2":1,"3":1,"4":1,"5":1},"b":{},"_coverageSchema":"1a1c01bbd47fc00a2c39e90264f33305004495a9","hash":"f41506628ba452990a64e758f674b929df17d00a"}
,"E:\\BZ_Testing\\youtube\\src\\components\\Header.tsx": {"path":"E:\\BZ_Testing\\youtube\\src\\components\\Header.tsx","statementMap":{"0":{"start":{"line":15,"column":4},"end":{"line":47,"column":6}},"1":{"start":{"line":39,"column":12},"end":{"line":41,"column":19}},"2":{"start":{"line":51,"column":15},"end":{"line":97,"column":2}}},"fnMap":{"0":{"name":"(anonymous_0)","decl":{"start":{"line":14,"column":2},"end":{"line":14,"column":3}},"loc":{"start":{"line":14,"column":11},"end":{"line":48,"column":3}},"line":14},"1":{"name":"(anonymous_1)","decl":{"start":{"line":38,"column":121},"end":{"line":38,"column":122}},"loc":{"start":{"line":39,"column":12},"end":{"line":41,"column":19}},"line":39}},"branchMap":{},"s":{"0":15,"1":165,"2":2},"f":{"0":15,"1":165},"b":{},"_coverageSchema":"1a1c01bbd47fc00a2c39e90264f33305004495a9","hash":"dfaf18081535a259f46403c7ea9a33039aaf2e56"}
,"E:\\BZ_Testing\\youtube\\src\\components\\MainBody.tsx": {"path":"E:\\BZ_Testing\\youtube\\src\\components\\MainBody.tsx","statementMap":{"0":{"start":{"line":4,"column":17},"end":{"line":50,"column":1}},"1":{"start":{"line":5,"column":22},"end":{"line":5,"column":52}},"2":{"start":{"line":7,"column":20},"end":{"line":33,"column":3}},"3":{"start":{"line":35,"column":2},"end":{"line":49,"column":4}},"4":{"start":{"line":38,"column":8},"end":{"line":46,"column":15}},"5":{"start":{"line":54,"column":15},"end":{"line":90,"column":2}}},"fnMap":{"0":{"name":"(anonymous_0)","decl":{"start":{"line":4,"column":17},"end":{"line":4,"column":18}},"loc":{"start":{"line":4,"column":23},"end":{"line":50,"column":1}},"line":4},"1":{"name":"(anonymous_1)","decl":{"start":{"line":37,"column":21},"end":{"line":37,"column":22}},"loc":{"start":{"line":38,"column":8},"end":{"line":46,"column":15}},"line":38}},"branchMap":{},"s":{"0":2,"1":16,"2":16,"3":16,"4":80,"5":2},"f":{"0":16,"1":80},"b":{},"_coverageSchema":"1a1c01bbd47fc00a2c39e90264f33305004495a9","hash":"f50a60f02e641cbf20e42ef23a0ef2c1c1ff0f99"}
,"E:\\BZ_Testing\\youtube\\src\\screens\\Home.tsx": {"path":"E:\\BZ_Testing\\youtube\\src\\screens\\Home.tsx","statementMap":{"0":{"start":{"line":9,"column":4},"end":{"line":21,"column":6}}},"fnMap":{"0":{"name":"(anonymous_0)","decl":{"start":{"line":8,"column":2},"end":{"line":8,"column":3}},"loc":{"start":{"line":8,"column":11},"end":{"line":22,"column":3}},"line":8}},"branchMap":{},"s":{"0":1},"f":{"0":1},"b":{},"_coverageSchema":"1a1c01bbd47fc00a2c39e90264f33305004495a9","hash":"f8b80f8bb06cf882cf732e9615a791e19cf47936"}
,"E:\\BZ_Testing\\youtube\\src\\screens\\Shorts.tsx": {"path":"E:\\BZ_Testing\\youtube\\src\\screens\\Shorts.tsx","statementMap":{"0":{"start":{"line":5,"column":19},"end":{"line":5,"column":43}},"1":{"start":{"line":7,"column":18},"end":{"line":11,"column":1}},"2":{"start":{"line":14,"column":17},"end":{"line":14,"column":43}},"3":{"start":{"line":16,"column":20},"end":{"line":43,"column":3}},"4":{"start":{"line":17,"column":4},"end":{"line":42,"column":6}},"5":{"start":{"line":46,"column":4},"end":{"line":61,"column":6}},"6":{"start":{"line":50,"column":32},"end":{"line":50,"column":39}},"7":{"start":{"line":55,"column":41},"end":{"line":59,"column":9}}},"fnMap":{"0":{"name":"(anonymous_0)","decl":{"start":{"line":16,"column":20},"end":{"line":16,"column":21}},"loc":{"start":{"line":16,"column":73},"end":{"line":43,"column":3}},"line":16},"1":{"name":"(anonymous_1)","decl":{"start":{"line":45,"column":2},"end":{"line":45,"column":3}},"loc":{"start":{"line":45,"column":11},"end":{"line":62,"column":3}},"line":45},"2":{"name":"(anonymous_2)","decl":{"start":{"line":50,"column":22},"end":{"line":50,"column":23}},"loc":{"start":{"line":50,"column":32},"end":{"line":50,"column":39}},"line":50},"3":{"name":"(anonymous_3)","decl":{"start":{"line":55,"column":23},"end":{"line":55,"column":24}},"loc":{"start":{"line":55,"column":41},"end":{"line":59,"column":9}},"line":55}},"branchMap":{},"s":{"0":2,"1":2,"2":6,"3":6,"4":18,"5":6,"6":24,"7":0},"f":{"0":18,"1":6,"2":24,"3":0},"b":{},"_coverageSchema":"1a1c01bbd47fc00a2c39e90264f33305004495a9","hash":"88d5f21da54734ded1c6d223f06d002f90a73bde"}
}
