TN:
SF:src\Navigation\Navigation.tsx
FN:11,(anonymous_0)
FNF:1
FNH:1
FNDA:1,(anonymous_0)
DA:9,1
DA:11,1
DA:12,1
LF:3
LH:3
BRF:0
BRH:0
end_of_record
TN:
SF:src\assets\download.png
FNF:0
FNH:0
DA:1,1
LF:1
LH:1
BRF:0
BRH:0
end_of_record
TN:
SF:src\assets\images\26724683-30cc-4c5f-b757-b18500bc5041_1024.jpeg
FNF:0
FNH:0
DA:1,1
LF:1
LH:1
BRF:0
BRH:0
end_of_record
TN:
SF:src\assets\images\astropurple.jpg
FNF:0
FNH:0
DA:1,1
LF:1
LH:1
BRF:0
BRH:0
end_of_record
TN:
SF:src\assets\images\beyond space.jpg
FNF:0
FNH:0
DA:1,1
LF:1
LH:1
BRF:0
BRH:0
end_of_record
TN:
SF:src\assets\images\galaxy.jpg
FNF:0
FNH:0
DA:1,1
LF:1
LH:1
BRF:0
BRH:0
end_of_record
TN:
SF:src\assets\images\pexels-therato-3451755.jpg
FNF:0
FNH:0
DA:1,1
LF:1
LH:1
BRF:0
BRH:0
end_of_record
TN:
SF:src\assets\videos\Neil Armstrong's Moon landing video  😍🔥 shorts short viral viralvideo thespacezone.mp4
FNF:0
FNH:0
DA:1,2
LF:1
LH:1
BRF:0
BRH:0
end_of_record
TN:
SF:src\assets\videos\videoplayback.mp4
FNF:0
FNH:0
DA:1,2
LF:1
LH:1
BRF:0
BRH:0
end_of_record
TN:
SF:src\components\Footer.tsx
FN:11,(anonymous_0)
FN:23,(anonymous_1)
FN:31,(anonymous_2)
FN:39,(anonymous_3)
FN:46,(anonymous_4)
FN:54,(anonymous_5)
FNF:6
FNH:6
FNDA:3,(anonymous_0)
FNDA:1,(anonymous_1)
FNDA:1,(anonymous_2)
FNDA:1,(anonymous_3)
FNDA:1,(anonymous_4)
FNDA:1,(anonymous_5)
DA:11,2
DA:12,3
DA:13,3
DA:23,1
DA:31,1
DA:39,1
DA:46,1
DA:54,1
LF:8
LH:8
BRF:0
BRH:0
end_of_record
TN:
SF:src\components\Header.tsx
FN:14,(anonymous_0)
FN:38,(anonymous_1)
FNF:2
FNH:2
FNDA:15,(anonymous_0)
FNDA:165,(anonymous_1)
DA:15,15
DA:39,165
DA:51,2
LF:3
LH:3
BRF:0
BRH:0
end_of_record
TN:
SF:src\components\MainBody.tsx
FN:4,(anonymous_0)
FN:37,(anonymous_1)
FNF:2
FNH:2
FNDA:16,(anonymous_0)
FNDA:80,(anonymous_1)
DA:4,2
DA:5,16
DA:7,16
DA:35,16
DA:38,80
DA:54,2
LF:6
LH:6
BRF:0
BRH:0
end_of_record
TN:
SF:src\screens\Home.tsx
FN:8,(anonymous_0)
FNF:1
FNH:1
FNDA:1,(anonymous_0)
DA:9,1
LF:1
LH:1
BRF:0
BRH:0
end_of_record
TN:
SF:src\screens\Shorts.tsx
FN:16,(anonymous_0)
FN:45,(anonymous_1)
FN:50,(anonymous_2)
FN:55,(anonymous_3)
FNF:4
FNH:3
FNDA:18,(anonymous_0)
FNDA:6,(anonymous_1)
FNDA:24,(anonymous_2)
FNDA:0,(anonymous_3)
DA:5,2
DA:7,2
DA:14,6
DA:16,6
DA:17,18
DA:46,6
DA:50,24
DA:55,0
LF:8
LH:7
BRF:0
BRH:0
end_of_record
